[ERR!] cwd  : /Users/dadams/Desktop/DDO Framework
[ERR!] os   : Darwin 13.4.0
[ERR!] argv : "/usr/local/Cellar/nvm/0.29.0/versions/node/v4.2.1/bin/node" "/usr/local/opt/nvm/versions/node/v4.2.1/bin/tsd"
[ERR!] node : v4.2.1
[ERR!] tsd  : 0.6.5
[ERR!] Error: Unexpected end of input
[ERR!] CODE : undefined
[ERR!] Unexpected end of input
[ERR!] If you need help, you may report this error at:
    https://github.com/DefinitelyTyped/tsd/issues

[ERR!] 
SyntaxError: Unexpected end of input
    at Object.parse (native)
    at parseJson (/usr/local/Cellar/nvm/0.29.0/versions/node/v4.2.1/lib/node_modules/tsd/build/xm/fileIO.js:30:21)
    at Object.readJSONSync (/usr/local/Cellar/nvm/0.29.0/versions/node/v4.2.1/lib/node_modules/tsd/build/xm/fileIO.js:41:12)
    at Context.stackSettings (/usr/local/Cellar/nvm/0.29.0/versions/node/v4.2.1/lib/node_modules/tsd/build/tsd/context/Context.js:34:44)
    at new Context (/usr/local/Cellar/nvm/0.29.0/versions/node/v4.2.1/lib/node_modules/tsd/build/tsd/context/Context.js:20:14)
    at getContext (/usr/local/Cellar/nvm/0.29.0/versions/node/v4.2.1/lib/node_modules/tsd/build/tsd/CLI.js:65:23)
    at /usr/local/Cellar/nvm/0.29.0/versions/node/v4.2.1/lib/node_modules/tsd/build/tsd/CLI.js:221:24
    at tryCatch1 (/usr/local/Cellar/nvm/0.29.0/versions/node/v4.2.1/lib/node_modules/tsd/node_modules/bluebird/js/main/util.js:63:19)
    at Promise$_callHandler [as _callHandler] (/usr/local/Cellar/nvm/0.29.0/versions/node/v4.2.1/lib/node_modules/tsd/node_modules/bluebird/js/main/promise.js:695:13)
    at Promise$_settlePromiseFromHandler [as _settlePromiseFromHandler] (/usr/local/Cellar/nvm/0.29.0/versions/node/v4.2.1/lib/node_modules/tsd/node_modules/bluebird/js/main/promise.js:711:18)

[ERR!] tsd.json: {"version":"v4","repo":"borisyankov/DefinitelyTyped","ref":"master","path":"typings","bundle":"typings/tsd.d.ts","installed":{"react/react.d.ts":{"commit":"421d6610bdb09e1015b71f5991d7a68d079eca21"},"react-dom/react-dom.d.ts":{"commit":"af5b8275d1f2b92738b93fddabc461fc20c553a1"},"react-redux/react-redux.d.ts":{"commit":"af5b8275d1f2b92738b93fddabc461fc20c553a1"},"redux/redux.d.ts":{"commit":"fc341765ebbb04b7109981a25dced01f488f4d94"},"node/node.d.ts":{"commit":"421d6610bdb09e1015b71f5991d7a68d079eca21"},"react/react-global.d.ts":{"commit":"421d6610bdb09e1015b71f5991d7a68d079eca21"},"lodash/lodash.d.ts":{"commit":"fc341765ebbb04b7109981a25dced01f488f4d94"},"redux-logger/redux-logger.d.ts":{"commit":"fc341765ebbb04b7109981a25dced01f488f4d94"},"redux-thunk/redux-thunk.d.ts":{"commit":"fc341765ebbb04b7109981a25dced01f488f4d94"}}}

[ERR!] .tsdrc : 

[ERR!] Please include the following file with any support request:
    /Users/dadams/Desktop/DDO Framework/tsd-debug.log

